2026-07-08 16:12:24,496 | INFO | GET /docs 200 0.001s
2026-07-08 16:12:24,991 | INFO | GET /openapi.json 200 0.168s
2026-07-12 18:29:00,152 | INFO | Adding job tentatively -- it will be properly scheduled when the scheduler starts
2026-07-12 18:29:00,240 | INFO | Added job "IngestionService.fetch" to job store "default"
2026-07-12 18:29:00,241 | INFO | Scheduler started
2026-07-12 18:35:23,248 | INFO | GET /docs 200 0.0013s
2026-07-12 18:35:24,281 | INFO | GET /openapi.json 200 0.1784s
2026-07-12 18:44:00,156 | INFO | Running job "IngestionService.fetch (trigger: interval[0:15:00], next run at: 2026-07-12 18:44:00 IST)" (scheduled at 2026-07-12 18:44:00.152774+05:30)
2026-07-12 18:44:07,166 | ERROR | Job "IngestionService.fetch (trigger: interval[0:15:00], next run at: 2026-07-12 18:59:00 IST)" raised an exception
Traceback (most recent call last):
  File "C:\Users\PC\Desktop\anish\PROJECT 1\Global-Disaster-Intelligence-Platform\venv\Lib\site-packages\apscheduler\executors\base.py", line 131, in run_job
    retval = job.func(*job.args, **job.kwargs)
  File "C:\Users\PC\Desktop\anish\PROJECT 1\Global-Disaster-Intelligence-Platform\app\services\ingestion_service.py", line 11, in fetch
    return DisasterIngestion.fetch_all()
           ~~~~~~~~~~~~~~~~~~~~~~~~~~~^^
  File "C:\Users\PC\Desktop\anish\PROJECT 1\Global-Disaster-Intelligence-Platform\app\ingestion\disaster_ingestion.py", line 22, in fetch_all
    EventNormalizer.normalize_nasa(event)
    ~~~~~~~~~~~~~~~~~~~~~~~~~~~~~~^^^^^^^
  File "C:\Users\PC\Desktop\anish\PROJECT 1\Global-Disaster-Intelligence-Platform\app\normalizers\event_normalizer.py", line 9, in normalize_nasa
    geometry = event["geometry"][-1]
               ~~~~~^^^^^^^^^^^^
KeyError: 'geometry'
2026-07-12 18:59:00,169 | INFO | Running job "IngestionService.fetch (trigger: interval[0:15:00], next run at: 2026-07-12 19:14:00 IST)" (scheduled at 2026-07-12 18:59:00.152774+05:30)
2026-07-12 18:59:07,796 | ERROR | Job "IngestionService.fetch (trigger: interval[0:15:00], next run at: 2026-07-12 19:14:00 IST)" raised an exception
Traceback (most recent call last):
  File "C:\Users\PC\Desktop\anish\PROJECT 1\Global-Disaster-Intelligence-Platform\venv\Lib\site-packages\apscheduler\executors\base.py", line 131, in run_job
    retval = job.func(*job.args, **job.kwargs)
  File "C:\Users\PC\Desktop\anish\PROJECT 1\Global-Disaster-Intelligence-Platform\app\services\ingestion_service.py", line 11, in fetch
    return DisasterIngestion.fetch_all()
           ~~~~~~~~~~~~~~~~~~~~~~~~~~~^^
  File "C:\Users\PC\Desktop\anish\PROJECT 1\Global-Disaster-Intelligence-Platform\app\ingestion\disaster_ingestion.py", line 22, in fetch_all
    EventNormalizer.normalize_nasa(event)
    ~~~~~~~~~~~~~~~~~~~~~~~~~~~~~~^^^^^^^
  File "C:\Users\PC\Desktop\anish\PROJECT 1\Global-Disaster-Intelligence-Platform\app\normalizers\event_normalizer.py", line 9, in normalize_nasa
    geometry = event["geometry"][-1]
               ~~~~~^^^^^^^^^^^^
KeyError: 'geometry'
2026-07-12 19:14:00,156 | INFO | Running job "IngestionService.fetch (trigger: interval[0:15:00], next run at: 2026-07-12 19:29:00 IST)" (scheduled at 2026-07-12 19:14:00.152774+05:30)
2026-07-12 19:14:06,948 | ERROR | Job "IngestionService.fetch (trigger: interval[0:15:00], next run at: 2026-07-12 19:29:00 IST)" raised an exception
Traceback (most recent call last):
  File "C:\Users\PC\Desktop\anish\PROJECT 1\Global-Disaster-Intelligence-Platform\venv\Lib\site-packages\apscheduler\executors\base.py", line 131, in run_job
    retval = job.func(*job.args, **job.kwargs)
  File "C:\Users\PC\Desktop\anish\PROJECT 1\Global-Disaster-Intelligence-Platform\app\services\ingestion_service.py", line 11, in fetch
    return DisasterIngestion.fetch_all()
           ~~~~~~~~~~~~~~~~~~~~~~~~~~~^^
  File "C:\Users\PC\Desktop\anish\PROJECT 1\Global-Disaster-Intelligence-Platform\app\ingestion\disaster_ingestion.py", line 22, in fetch_all
    EventNormalizer.normalize_nasa(event)
    ~~~~~~~~~~~~~~~~~~~~~~~~~~~~~~^^^^^^^
  File "C:\Users\PC\Desktop\anish\PROJECT 1\Global-Disaster-Intelligence-Platform\app\normalizers\event_normalizer.py", line 9, in normalize_nasa
    geometry = event["geometry"][-1]
               ~~~~~^^^^^^^^^^^^
KeyError: 'geometry'
2026-07-12 19:29:00,160 | INFO | Running job "IngestionService.fetch (trigger: interval[0:15:00], next run at: 2026-07-12 19:44:00 IST)" (scheduled at 2026-07-12 19:29:00.152774+05:30)
2026-07-12 19:29:07,572 | ERROR | Job "IngestionService.fetch (trigger: interval[0:15:00], next run at: 2026-07-12 19:44:00 IST)" raised an exception
Traceback (most recent call last):
  File "C:\Users\PC\Desktop\anish\PROJECT 1\Global-Disaster-Intelligence-Platform\venv\Lib\site-packages\apscheduler\executors\base.py", line 131, in run_job
    retval = job.func(*job.args, **job.kwargs)
  File "C:\Users\PC\Desktop\anish\PROJECT 1\Global-Disaster-Intelligence-Platform\app\services\ingestion_service.py", line 11, in fetch
    return DisasterIngestion.fetch_all()
           ~~~~~~~~~~~~~~~~~~~~~~~~~~~^^
  File "C:\Users\PC\Desktop\anish\PROJECT 1\Global-Disaster-Intelligence-Platform\app\ingestion\disaster_ingestion.py", line 22, in fetch_all
    EventNormalizer.normalize_nasa(event)
    ~~~~~~~~~~~~~~~~~~~~~~~~~~~~~~^^^^^^^
  File "C:\Users\PC\Desktop\anish\PROJECT 1\Global-Disaster-Intelligence-Platform\app\normalizers\event_normalizer.py", line 9, in normalize_nasa
    geometry = event["geometry"][-1]
               ~~~~~^^^^^^^^^^^^
KeyError: 'geometry'
2026-07-12 19:46:33,454 | WARNING | Run time of job "IngestionService.fetch (trigger: interval[0:15:00], next run at: 2026-07-12 19:59:00 IST)" was missed by 0:02:33.300002
2026-07-13 07:37:08,927 | INFO | Adding job tentatively -- it will be properly scheduled when the scheduler starts
2026-07-13 07:37:08,954 | INFO | Added job "IngestionService.fetch" to job store "default"
2026-07-13 07:37:08,955 | INFO | Scheduler started
2026-07-13 07:37:37,588 | INFO | Adding job tentatively -- it will be properly scheduled when the scheduler starts
2026-07-13 07:37:37,603 | INFO | Added job "IngestionService.fetch" to job store "default"
2026-07-13 07:37:37,604 | INFO | Scheduler started
2026-07-13 07:37:57,154 | INFO | Adding job tentatively -- it will be properly scheduled when the scheduler starts
2026-07-13 07:37:57,182 | INFO | Added job "IngestionService.fetch" to job store "default"
2026-07-13 07:37:57,192 | INFO | Scheduler started
2026-07-13 07:38:34,221 | INFO | GET / 200 0.0288s
2026-07-13 07:38:34,535 | INFO | GET /favicon.ico 404 0.0021s
2026-07-13 07:52:57,171 | INFO | Running job "IngestionService.fetch (trigger: interval[0:15:00], next run at: 2026-07-13 07:52:57 IST)" (scheduled at 2026-07-13 07:52:57.153716+05:30)
2026-07-13 07:53:06,314 | INFO | Job "IngestionService.fetch (trigger: interval[0:15:00], next run at: 2026-07-13 08:07:57 IST)" executed successfully
2026-07-13 07:58:53,890 | INFO | GET /docs 200 0.0013s
2026-07-13 07:58:55,247 | INFO | GET /openapi.json 200 0.0993s
